<?xml version="1.0" encoding="UTF-8"?>
<testsuite name="PasswordDetectorTest" tests="1" skipped="0" failures="0" errors="0" timestamp="2022-06-23T06:03:45" hostname="STEEZE1" time="0.049">
  <properties/>
  <testcase name="detect()" classname="PasswordDetectorTest" time="0.049"/>
  <system-out><![CDATA[]]></system-out>
  <system-err><![CDATA[]]></system-err>
</testsuite>
