<?xml version="1.0" encoding="UTF-8"?>
<testsuite name="EmailDetectorTest" tests="1" skipped="0" failures="0" errors="0" timestamp="2022-06-23T05:40:15" hostname="STEEZE1" time="0.061">
  <properties/>
  <testcase name="detect()" classname="EmailDetectorTest" time="0.061"/>
  <system-out><![CDATA[]]></system-out>
  <system-err><![CDATA[]]></system-err>
</testsuite>
